Analysis & Synthesis report for optiver
Sun Sep 10 12:52:59 2023
Quartus Prime Version 18.0.0 Build 614 04/24/2018 SJ Lite Edition


---------------------
; Table of Contents ;
---------------------
  1. Legal Notice
  2. Analysis & Synthesis Summary
  3. Analysis & Synthesis Settings
  4. Parallel Compilation
  5. Analysis & Synthesis Source Files Read
  6. Analysis & Synthesis Resource Usage Summary
  7. Analysis & Synthesis Resource Utilization by Entity
  8. Analysis & Synthesis DSP Block Usage Summary
  9. General Register Statistics
 10. Parameter Settings for Inferred Entity Instance: lpm_mult:Mult0_rtl_0
 11. Parameter Settings for Inferred Entity Instance: lpm_mult:Mult1_rtl_1
 12. Parameter Settings for Inferred Entity Instance: lpm_mult:Mult2_rtl_2
 13. Parameter Settings for Inferred Entity Instance: lpm_mult:Mult3_rtl_3
 14. Parameter Settings for Inferred Entity Instance: lpm_mult:Mult0_rtl_4
 15. Parameter Settings for Inferred Entity Instance: lpm_mult:Mult3_rtl_5
 16. Parameter Settings for Inferred Entity Instance: lpm_mult:Mult2_rtl_6
 17. Parameter Settings for Inferred Entity Instance: lpm_mult:Mult1_rtl_7
 18. Parameter Settings for Inferred Entity Instance: lpm_mult:Mult0_rtl_8
 19. lpm_mult Parameter Settings by Entity Instance
 20. Post-Synthesis Netlist Statistics for Top Partition
 21. Elapsed Time Per Partition
 22. Analysis & Synthesis Messages



----------------
; Legal Notice ;
----------------
Copyright (C) 2018  Intel Corporation. All rights reserved.
Your use of Intel Corporation's design tools, logic functions 
and other software and tools, and its AMPP partner logic 
functions, and any output files from any of the foregoing 
(including device programming or simulation files), and any 
associated documentation or information are expressly subject 
to the terms and conditions of the Intel Program License 
Subscription Agreement, the Intel Quartus Prime License Agreement,
the Intel FPGA IP License Agreement, or other applicable license
agreement, including, without limitation, that your use is for
the sole purpose of programming logic devices manufactured by
Intel and sold by Intel or its authorized distributors.  Please
refer to the applicable agreement for further details.



+-------------------------------------------------------------------------------+
; Analysis & Synthesis Summary                                                  ;
+---------------------------------+---------------------------------------------+
; Analysis & Synthesis Status     ; Successful - Sun Sep 10 12:52:59 2023       ;
; Quartus Prime Version           ; 18.0.0 Build 614 04/24/2018 SJ Lite Edition ;
; Revision Name                   ; optiver                                     ;
; Top-level Entity Name           ; optiver                                     ;
; Family                          ; Cyclone V                                   ;
; Logic utilization (in ALMs)     ; N/A                                         ;
; Total registers                 ; 0                                           ;
; Total pins                      ; 96                                          ;
; Total virtual pins              ; 0                                           ;
; Total block memory bits         ; 0                                           ;
; Total DSP Blocks                ; 3                                           ;
; Total HSSI RX PCSs              ; 0                                           ;
; Total HSSI PMA RX Deserializers ; 0                                           ;
; Total HSSI TX PCSs              ; 0                                           ;
; Total HSSI PMA TX Serializers   ; 0                                           ;
; Total PLLs                      ; 0                                           ;
; Total DLLs                      ; 0                                           ;
+---------------------------------+---------------------------------------------+


+---------------------------------------------------------------------------------------------------------------------------+
; Analysis & Synthesis Settings                                                                                             ;
+---------------------------------------------------------------------------------+--------------------+--------------------+
; Option                                                                          ; Setting            ; Default Value      ;
+---------------------------------------------------------------------------------+--------------------+--------------------+
; Device                                                                          ; 5CGXFC7C7F23C8     ;                    ;
; Top-level entity name                                                           ; optiver            ; optiver            ;
; Family name                                                                     ; Cyclone V          ; Cyclone V          ;
; Use smart compilation                                                           ; Off                ; Off                ;
; Enable parallel Assembler and Timing Analyzer during compilation                ; On                 ; On                 ;
; Enable compact report table                                                     ; Off                ; Off                ;
; Restructure Multiplexers                                                        ; Auto               ; Auto               ;
; MLAB Add Timing Constraints For Mixed-Port Feed-Through Mode Setting Don't Care ; Off                ; Off                ;
; Create Debugging Nodes for IP Cores                                             ; Off                ; Off                ;
; Preserve fewer node names                                                       ; On                 ; On                 ;
; Intel FPGA IP Evaluation Mode                                                   ; Enable             ; Enable             ;
; Verilog Version                                                                 ; Verilog_2001       ; Verilog_2001       ;
; VHDL Version                                                                    ; VHDL_1993          ; VHDL_1993          ;
; State Machine Processing                                                        ; Auto               ; Auto               ;
; Safe State Machine                                                              ; Off                ; Off                ;
; Extract Verilog State Machines                                                  ; On                 ; On                 ;
; Extract VHDL State Machines                                                     ; On                 ; On                 ;
; Ignore Verilog initial constructs                                               ; Off                ; Off                ;
; Iteration limit for constant Verilog loops                                      ; 5000               ; 5000               ;
; Iteration limit for non-constant Verilog loops                                  ; 250                ; 250                ;
; Add Pass-Through Logic to Inferred RAMs                                         ; On                 ; On                 ;
; Infer RAMs from Raw Logic                                                       ; On                 ; On                 ;
; Parallel Synthesis                                                              ; On                 ; On                 ;
; DSP Block Balancing                                                             ; Auto               ; Auto               ;
; NOT Gate Push-Back                                                              ; On                 ; On                 ;
; Power-Up Don't Care                                                             ; On                 ; On                 ;
; Remove Redundant Logic Cells                                                    ; Off                ; Off                ;
; Remove Duplicate Registers                                                      ; On                 ; On                 ;
; Ignore CARRY Buffers                                                            ; Off                ; Off                ;
; Ignore CASCADE Buffers                                                          ; Off                ; Off                ;
; Ignore GLOBAL Buffers                                                           ; Off                ; Off                ;
; Ignore ROW GLOBAL Buffers                                                       ; Off                ; Off                ;
; Ignore LCELL Buffers                                                            ; Off                ; Off                ;
; Ignore SOFT Buffers                                                             ; On                 ; On                 ;
; Limit AHDL Integers to 32 Bits                                                  ; Off                ; Off                ;
; Optimization Technique                                                          ; Balanced           ; Balanced           ;
; Carry Chain Length                                                              ; 70                 ; 70                 ;
; Auto Carry Chains                                                               ; On                 ; On                 ;
; Auto Open-Drain Pins                                                            ; On                 ; On                 ;
; Perform WYSIWYG Primitive Resynthesis                                           ; Off                ; Off                ;
; Auto ROM Replacement                                                            ; On                 ; On                 ;
; Auto RAM Replacement                                                            ; On                 ; On                 ;
; Auto DSP Block Replacement                                                      ; On                 ; On                 ;
; Auto Shift Register Replacement                                                 ; Auto               ; Auto               ;
; Allow Shift Register Merging across Hierarchies                                 ; Auto               ; Auto               ;
; Auto Clock Enable Replacement                                                   ; On                 ; On                 ;
; Strict RAM Replacement                                                          ; Off                ; Off                ;
; Allow Synchronous Control Signals                                               ; On                 ; On                 ;
; Force Use of Synchronous Clear Signals                                          ; Off                ; Off                ;
; Auto Resource Sharing                                                           ; Off                ; Off                ;
; Allow Any RAM Size For Recognition                                              ; Off                ; Off                ;
; Allow Any ROM Size For Recognition                                              ; Off                ; Off                ;
; Allow Any Shift Register Size For Recognition                                   ; Off                ; Off                ;
; Use LogicLock Constraints during Resource Balancing                             ; On                 ; On                 ;
; Ignore translate_off and synthesis_off directives                               ; Off                ; Off                ;
; Timing-Driven Synthesis                                                         ; On                 ; On                 ;
; Report Parameter Settings                                                       ; On                 ; On                 ;
; Report Source Assignments                                                       ; On                 ; On                 ;
; Report Connectivity Checks                                                      ; On                 ; On                 ;
; Ignore Maximum Fan-Out Assignments                                              ; Off                ; Off                ;
; Synchronization Register Chain Length                                           ; 3                  ; 3                  ;
; Power Optimization During Synthesis                                             ; Normal compilation ; Normal compilation ;
; HDL message level                                                               ; Level2             ; Level2             ;
; Suppress Register Optimization Related Messages                                 ; Off                ; Off                ;
; Number of Removed Registers Reported in Synthesis Report                        ; 5000               ; 5000               ;
; Number of Swept Nodes Reported in Synthesis Report                              ; 5000               ; 5000               ;
; Number of Inverted Registers Reported in Synthesis Report                       ; 100                ; 100                ;
; Clock MUX Protection                                                            ; On                 ; On                 ;
; Auto Gated Clock Conversion                                                     ; Off                ; Off                ;
; Block Design Naming                                                             ; Auto               ; Auto               ;
; SDC constraint protection                                                       ; Off                ; Off                ;
; Synthesis Effort                                                                ; Auto               ; Auto               ;
; Shift Register Replacement - Allow Asynchronous Clear Signal                    ; On                 ; On                 ;
; Pre-Mapping Resynthesis Optimization                                            ; Off                ; Off                ;
; Analysis & Synthesis Message Level                                              ; Medium             ; Medium             ;
; Disable Register Merging Across Hierarchies                                     ; Auto               ; Auto               ;
; Resource Aware Inference For Block RAM                                          ; On                 ; On                 ;
; Automatic Parallel Synthesis                                                    ; On                 ; On                 ;
; Partial Reconfiguration Bitstream ID                                            ; Off                ; Off                ;
+---------------------------------------------------------------------------------+--------------------+--------------------+


+------------------------------------------+
; Parallel Compilation                     ;
+----------------------------+-------------+
; Processors                 ; Number      ;
+----------------------------+-------------+
; Number detected on machine ; 8           ;
; Maximum allowed            ; 4           ;
;                            ;             ;
; Average used               ; 1.00        ;
; Maximum used               ; 4           ;
;                            ;             ;
; Usage by Processor         ; % Time Used ;
;     Processor 1            ; 100.0%      ;
;     Processor 2            ;   0.0%      ;
;     Processor 3            ;   0.0%      ;
;     Processor 4            ;   0.0%      ;
+----------------------------+-------------+


+----------------------------------------------------------------------------------------------------------------------------------------------------------------------+
; Analysis & Synthesis Source Files Read                                                                                                                               ;
+----------------------------------+-----------------+------------------------------+------------------------------------------------------------------------+---------+
; File Name with User-Entered Path ; Used in Netlist ; File Type                    ; File Name with Absolute Path                                           ; Library ;
+----------------------------------+-----------------+------------------------------+------------------------------------------------------------------------+---------+
; optiver.v                        ; yes             ; User Verilog HDL File        ; C:/intelFPGA_lite/18.0/my_designs/optiver.v                            ;         ;
; lpm_mult.tdf                     ; yes             ; Megafunction                 ; c:/intelfpga_lite/18.0/quartus/libraries/megafunctions/lpm_mult.tdf    ;         ;
; aglobal180.inc                   ; yes             ; Megafunction                 ; c:/intelfpga_lite/18.0/quartus/libraries/megafunctions/aglobal180.inc  ;         ;
; lpm_add_sub.inc                  ; yes             ; Megafunction                 ; c:/intelfpga_lite/18.0/quartus/libraries/megafunctions/lpm_add_sub.inc ;         ;
; multcore.inc                     ; yes             ; Megafunction                 ; c:/intelfpga_lite/18.0/quartus/libraries/megafunctions/multcore.inc    ;         ;
; bypassff.inc                     ; yes             ; Megafunction                 ; c:/intelfpga_lite/18.0/quartus/libraries/megafunctions/bypassff.inc    ;         ;
; altshift.inc                     ; yes             ; Megafunction                 ; c:/intelfpga_lite/18.0/quartus/libraries/megafunctions/altshift.inc    ;         ;
; db/mult_ol01.v                   ; yes             ; Auto-Generated Megafunction  ; C:/intelFPGA_lite/18.0/my_designs/db/mult_ol01.v                       ;         ;
; db/mult_pl01.v                   ; yes             ; Auto-Generated Megafunction  ; C:/intelFPGA_lite/18.0/my_designs/db/mult_pl01.v                       ;         ;
; db/mult_gl01.v                   ; yes             ; Auto-Generated Megafunction  ; C:/intelFPGA_lite/18.0/my_designs/db/mult_gl01.v                       ;         ;
; db/mult_kl01.v                   ; yes             ; Auto-Generated Megafunction  ; C:/intelFPGA_lite/18.0/my_designs/db/mult_kl01.v                       ;         ;
; db/mult_hl01.v                   ; yes             ; Auto-Generated Megafunction  ; C:/intelFPGA_lite/18.0/my_designs/db/mult_hl01.v                       ;         ;
; db/mult_ll01.v                   ; yes             ; Auto-Generated Megafunction  ; C:/intelFPGA_lite/18.0/my_designs/db/mult_ll01.v                       ;         ;
; db/mult_il01.v                   ; yes             ; Auto-Generated Megafunction  ; C:/intelFPGA_lite/18.0/my_designs/db/mult_il01.v                       ;         ;
+----------------------------------+-----------------+------------------------------+------------------------------------------------------------------------+---------+


+----------------------------------------------------------+
; Analysis & Synthesis Resource Usage Summary              ;
+---------------------------------------------+------------+
; Resource                                    ; Usage      ;
+---------------------------------------------+------------+
; Estimate of Logic utilization (ALMs needed) ; 1470       ;
;                                             ;            ;
; Combinational ALUT usage for logic          ; 2939       ;
;     -- 7 input functions                    ; 0          ;
;     -- 6 input functions                    ; 0          ;
;     -- 5 input functions                    ; 0          ;
;     -- 4 input functions                    ; 1265       ;
;     -- <=3 input functions                  ; 1674       ;
;                                             ;            ;
; Dedicated logic registers                   ; 0          ;
;                                             ;            ;
; I/O pins                                    ; 96         ;
;                                             ;            ;
; Total DSP Blocks                            ; 3          ;
;                                             ;            ;
; Maximum fan-out node                        ; X[0]~input ;
; Maximum fan-out                             ; 195        ;
; Total fan-out                               ; 11694      ;
; Average fan-out                             ; 3.73       ;
+---------------------------------------------+------------+


+---------------------------------------------------------------------------------------------------------------------------------------------------------------------------------------------------------------------------------+
; Analysis & Synthesis Resource Utilization by Entity                                                                                                                                                                             ;
+----------------------------------+---------------------+---------------------------+-------------------+------------+------+--------------+--------------------------------------------------------+-------------+--------------+
; Compilation Hierarchy Node       ; Combinational ALUTs ; Dedicated Logic Registers ; Block Memory Bits ; DSP Blocks ; Pins ; Virtual Pins ; Full Hierarchy Name                                    ; Entity Name ; Library Name ;
+----------------------------------+---------------------+---------------------------+-------------------+------------+------+--------------+--------------------------------------------------------+-------------+--------------+
; |optiver                         ; 2939 (116)          ; 0 (0)                     ; 0                 ; 3          ; 96   ; 0            ; |optiver                                               ; optiver     ; work         ;
;    |lpm_mult:Mult0_rtl_0|        ; 270 (0)             ; 0 (0)                     ; 0                 ; 0          ; 0    ; 0            ; |optiver|lpm_mult:Mult0_rtl_0                          ; lpm_mult    ; work         ;
;       |mult_ol01:auto_generated| ; 270 (270)           ; 0 (0)                     ; 0                 ; 0          ; 0    ; 0            ; |optiver|lpm_mult:Mult0_rtl_0|mult_ol01:auto_generated ; mult_ol01   ; work         ;
;    |lpm_mult:Mult0_rtl_4|        ; 207 (0)             ; 0 (0)                     ; 0                 ; 0          ; 0    ; 0            ; |optiver|lpm_mult:Mult0_rtl_4                          ; lpm_mult    ; work         ;
;       |mult_gl01:auto_generated| ; 207 (207)           ; 0 (0)                     ; 0                 ; 0          ; 0    ; 0            ; |optiver|lpm_mult:Mult0_rtl_4|mult_gl01:auto_generated ; mult_gl01   ; work         ;
;    |lpm_mult:Mult0_rtl_8|        ; 89 (0)              ; 0 (0)                     ; 0                 ; 0          ; 0    ; 0            ; |optiver|lpm_mult:Mult0_rtl_8                          ; lpm_mult    ; work         ;
;       |mult_il01:auto_generated| ; 89 (89)             ; 0 (0)                     ; 0                 ; 0          ; 0    ; 0            ; |optiver|lpm_mult:Mult0_rtl_8|mult_il01:auto_generated ; mult_il01   ; work         ;
;    |lpm_mult:Mult1_rtl_1|        ; 577 (0)             ; 0 (0)                     ; 0                 ; 0          ; 0    ; 0            ; |optiver|lpm_mult:Mult1_rtl_1                          ; lpm_mult    ; work         ;
;       |mult_pl01:auto_generated| ; 577 (577)           ; 0 (0)                     ; 0                 ; 0          ; 0    ; 0            ; |optiver|lpm_mult:Mult1_rtl_1|mult_pl01:auto_generated ; mult_pl01   ; work         ;
;    |lpm_mult:Mult1_rtl_7|        ; 226 (0)             ; 0 (0)                     ; 0                 ; 0          ; 0    ; 0            ; |optiver|lpm_mult:Mult1_rtl_7                          ; lpm_mult    ; work         ;
;       |mult_ll01:auto_generated| ; 226 (226)           ; 0 (0)                     ; 0                 ; 0          ; 0    ; 0            ; |optiver|lpm_mult:Mult1_rtl_7|mult_ll01:auto_generated ; mult_ll01   ; work         ;
;    |lpm_mult:Mult2_rtl_2|        ; 516 (0)             ; 0 (0)                     ; 0                 ; 0          ; 0    ; 0            ; |optiver|lpm_mult:Mult2_rtl_2                          ; lpm_mult    ; work         ;
;       |mult_pl01:auto_generated| ; 516 (516)           ; 0 (0)                     ; 0                 ; 0          ; 0    ; 0            ; |optiver|lpm_mult:Mult2_rtl_2|mult_pl01:auto_generated ; mult_pl01   ; work         ;
;    |lpm_mult:Mult2_rtl_6|        ; 218 (0)             ; 0 (0)                     ; 0                 ; 0          ; 0    ; 0            ; |optiver|lpm_mult:Mult2_rtl_6                          ; lpm_mult    ; work         ;
;       |mult_hl01:auto_generated| ; 218 (218)           ; 0 (0)                     ; 0                 ; 0          ; 0    ; 0            ; |optiver|lpm_mult:Mult2_rtl_6|mult_hl01:auto_generated ; mult_hl01   ; work         ;
;    |lpm_mult:Mult3_rtl_3|        ; 486 (0)             ; 0 (0)                     ; 0                 ; 0          ; 0    ; 0            ; |optiver|lpm_mult:Mult3_rtl_3                          ; lpm_mult    ; work         ;
;       |mult_pl01:auto_generated| ; 486 (486)           ; 0 (0)                     ; 0                 ; 0          ; 0    ; 0            ; |optiver|lpm_mult:Mult3_rtl_3|mult_pl01:auto_generated ; mult_pl01   ; work         ;
;    |lpm_mult:Mult3_rtl_5|        ; 234 (0)             ; 0 (0)                     ; 0                 ; 0          ; 0    ; 0            ; |optiver|lpm_mult:Mult3_rtl_5                          ; lpm_mult    ; work         ;
;       |mult_kl01:auto_generated| ; 234 (234)           ; 0 (0)                     ; 0                 ; 0          ; 0    ; 0            ; |optiver|lpm_mult:Mult3_rtl_5|mult_kl01:auto_generated ; mult_kl01   ; work         ;
+----------------------------------+---------------------+---------------------------+-------------------+------------+------+--------------+--------------------------------------------------------+-------------+--------------+
Note: For table entries with two numbers listed, the numbers in parentheses indicate the number of resources of the given type used by the specific entity alone. The numbers listed outside of parentheses indicate the total resources of the given type used by the specific entity and all of its sub-entities in the hierarchy.


+-----------------------------------------------+
; Analysis & Synthesis DSP Block Usage Summary  ;
+---------------------------------+-------------+
; Statistic                       ; Number Used ;
+---------------------------------+-------------+
; Independent 27x27               ; 3           ;
; Total number of DSP blocks      ; 3           ;
;                                 ;             ;
; Fixed Point Unsigned Multiplier ; 3           ;
+---------------------------------+-------------+


+------------------------------------------------------+
; General Register Statistics                          ;
+----------------------------------------------+-------+
; Statistic                                    ; Value ;
+----------------------------------------------+-------+
; Total registers                              ; 0     ;
; Number of registers using Synchronous Clear  ; 0     ;
; Number of registers using Synchronous Load   ; 0     ;
; Number of registers using Asynchronous Clear ; 0     ;
; Number of registers using Asynchronous Load  ; 0     ;
; Number of registers using Clock Enable       ; 0     ;
; Number of registers using Preset             ; 0     ;
+----------------------------------------------+-------+


+----------------------------------------------------------------------------------+
; Parameter Settings for Inferred Entity Instance: lpm_mult:Mult0_rtl_0            ;
+------------------------------------------------+-----------+---------------------+
; Parameter Name                                 ; Value     ; Type                ;
+------------------------------------------------+-----------+---------------------+
; AUTO_CARRY_CHAINS                              ; ON        ; AUTO_CARRY          ;
; IGNORE_CARRY_BUFFERS                           ; OFF       ; IGNORE_CARRY        ;
; AUTO_CASCADE_CHAINS                            ; ON        ; AUTO_CASCADE        ;
; IGNORE_CASCADE_BUFFERS                         ; OFF       ; IGNORE_CASCADE      ;
; LPM_WIDTHA                                     ; 18        ; Untyped             ;
; LPM_WIDTHB                                     ; 18        ; Untyped             ;
; LPM_WIDTHP                                     ; 36        ; Untyped             ;
; LPM_WIDTHR                                     ; 36        ; Untyped             ;
; LPM_WIDTHS                                     ; 1         ; Untyped             ;
; LPM_REPRESENTATION                             ; UNSIGNED  ; Untyped             ;
; LPM_PIPELINE                                   ; 0         ; Untyped             ;
; LATENCY                                        ; 0         ; Untyped             ;
; INPUT_A_IS_CONSTANT                            ; NO        ; Untyped             ;
; INPUT_B_IS_CONSTANT                            ; NO        ; Untyped             ;
; USE_EAB                                        ; OFF       ; Untyped             ;
; MAXIMIZE_SPEED                                 ; 5         ; Untyped             ;
; DEVICE_FAMILY                                  ; Cyclone V ; Untyped             ;
; CARRY_CHAIN                                    ; MANUAL    ; Untyped             ;
; APEX20K_TECHNOLOGY_MAPPER                      ; LUT       ; TECH_MAPPER_APEX20K ;
; DEDICATED_MULTIPLIER_CIRCUITRY                 ; NO        ; Untyped             ;
; DEDICATED_MULTIPLIER_MIN_INPUT_WIDTH_FOR_AUTO  ; 0         ; Untyped             ;
; DEDICATED_MULTIPLIER_MIN_OUTPUT_WIDTH_FOR_AUTO ; 0         ; Untyped             ;
; CBXI_PARAMETER                                 ; mult_ol01 ; Untyped             ;
; INPUT_A_FIXED_VALUE                            ; Bx        ; Untyped             ;
; INPUT_B_FIXED_VALUE                            ; Bx        ; Untyped             ;
; USE_AHDL_IMPLEMENTATION                        ; OFF       ; Untyped             ;
+------------------------------------------------+-----------+---------------------+
Note: In order to hide this table in the UI and the text report file, please set the "Show Parameter Settings in Synthesis Report" option in "Analysis and Synthesis Settings -> More Settings" to "Off".


+----------------------------------------------------------------------------------+
; Parameter Settings for Inferred Entity Instance: lpm_mult:Mult1_rtl_1            ;
+------------------------------------------------+-----------+---------------------+
; Parameter Name                                 ; Value     ; Type                ;
+------------------------------------------------+-----------+---------------------+
; AUTO_CARRY_CHAINS                              ; ON        ; AUTO_CARRY          ;
; IGNORE_CARRY_BUFFERS                           ; OFF       ; IGNORE_CARRY        ;
; AUTO_CASCADE_CHAINS                            ; ON        ; AUTO_CASCADE        ;
; IGNORE_CASCADE_BUFFERS                         ; OFF       ; IGNORE_CASCADE      ;
; LPM_WIDTHA                                     ; 27        ; Untyped             ;
; LPM_WIDTHB                                     ; 27        ; Untyped             ;
; LPM_WIDTHP                                     ; 54        ; Untyped             ;
; LPM_WIDTHR                                     ; 54        ; Untyped             ;
; LPM_WIDTHS                                     ; 1         ; Untyped             ;
; LPM_REPRESENTATION                             ; UNSIGNED  ; Untyped             ;
; LPM_PIPELINE                                   ; 0         ; Untyped             ;
; LATENCY                                        ; 0         ; Untyped             ;
; INPUT_A_IS_CONSTANT                            ; NO        ; Untyped             ;
; INPUT_B_IS_CONSTANT                            ; NO        ; Untyped             ;
; USE_EAB                                        ; OFF       ; Untyped             ;
; MAXIMIZE_SPEED                                 ; 5         ; Untyped             ;
; DEVICE_FAMILY                                  ; Cyclone V ; Untyped             ;
; CARRY_CHAIN                                    ; MANUAL    ; Untyped             ;
; APEX20K_TECHNOLOGY_MAPPER                      ; LUT       ; TECH_MAPPER_APEX20K ;
; DEDICATED_MULTIPLIER_CIRCUITRY                 ; NO        ; Untyped             ;
; DEDICATED_MULTIPLIER_MIN_INPUT_WIDTH_FOR_AUTO  ; 0         ; Untyped             ;
; DEDICATED_MULTIPLIER_MIN_OUTPUT_WIDTH_FOR_AUTO ; 0         ; Untyped             ;
; CBXI_PARAMETER                                 ; mult_pl01 ; Untyped             ;
; INPUT_A_FIXED_VALUE                            ; Bx        ; Untyped             ;
; INPUT_B_FIXED_VALUE                            ; Bx        ; Untyped             ;
; USE_AHDL_IMPLEMENTATION                        ; OFF       ; Untyped             ;
+------------------------------------------------+-----------+---------------------+
Note: In order to hide this table in the UI and the text report file, please set the "Show Parameter Settings in Synthesis Report" option in "Analysis and Synthesis Settings -> More Settings" to "Off".


+----------------------------------------------------------------------------------+
; Parameter Settings for Inferred Entity Instance: lpm_mult:Mult2_rtl_2            ;
+------------------------------------------------+-----------+---------------------+
; Parameter Name                                 ; Value     ; Type                ;
+------------------------------------------------+-----------+---------------------+
; AUTO_CARRY_CHAINS                              ; ON        ; AUTO_CARRY          ;
; IGNORE_CARRY_BUFFERS                           ; OFF       ; IGNORE_CARRY        ;
; AUTO_CASCADE_CHAINS                            ; ON        ; AUTO_CASCADE        ;
; IGNORE_CASCADE_BUFFERS                         ; OFF       ; IGNORE_CASCADE      ;
; LPM_WIDTHA                                     ; 27        ; Untyped             ;
; LPM_WIDTHB                                     ; 27        ; Untyped             ;
; LPM_WIDTHP                                     ; 54        ; Untyped             ;
; LPM_WIDTHR                                     ; 54        ; Untyped             ;
; LPM_WIDTHS                                     ; 1         ; Untyped             ;
; LPM_REPRESENTATION                             ; UNSIGNED  ; Untyped             ;
; LPM_PIPELINE                                   ; 0         ; Untyped             ;
; LATENCY                                        ; 0         ; Untyped             ;
; INPUT_A_IS_CONSTANT                            ; NO        ; Untyped             ;
; INPUT_B_IS_CONSTANT                            ; NO        ; Untyped             ;
; USE_EAB                                        ; OFF       ; Untyped             ;
; MAXIMIZE_SPEED                                 ; 5         ; Untyped             ;
; DEVICE_FAMILY                                  ; Cyclone V ; Untyped             ;
; CARRY_CHAIN                                    ; MANUAL    ; Untyped             ;
; APEX20K_TECHNOLOGY_MAPPER                      ; LUT       ; TECH_MAPPER_APEX20K ;
; DEDICATED_MULTIPLIER_CIRCUITRY                 ; NO        ; Untyped             ;
; DEDICATED_MULTIPLIER_MIN_INPUT_WIDTH_FOR_AUTO  ; 0         ; Untyped             ;
; DEDICATED_MULTIPLIER_MIN_OUTPUT_WIDTH_FOR_AUTO ; 0         ; Untyped             ;
; CBXI_PARAMETER                                 ; mult_pl01 ; Untyped             ;
; INPUT_A_FIXED_VALUE                            ; Bx        ; Untyped             ;
; INPUT_B_FIXED_VALUE                            ; Bx        ; Untyped             ;
; USE_AHDL_IMPLEMENTATION                        ; OFF       ; Untyped             ;
+------------------------------------------------+-----------+---------------------+
Note: In order to hide this table in the UI and the text report file, please set the "Show Parameter Settings in Synthesis Report" option in "Analysis and Synthesis Settings -> More Settings" to "Off".


+----------------------------------------------------------------------------------+
; Parameter Settings for Inferred Entity Instance: lpm_mult:Mult3_rtl_3            ;
+------------------------------------------------+-----------+---------------------+
; Parameter Name                                 ; Value     ; Type                ;
+------------------------------------------------+-----------+---------------------+
; AUTO_CARRY_CHAINS                              ; ON        ; AUTO_CARRY          ;
; IGNORE_CARRY_BUFFERS                           ; OFF       ; IGNORE_CARRY        ;
; AUTO_CASCADE_CHAINS                            ; ON        ; AUTO_CASCADE        ;
; IGNORE_CASCADE_BUFFERS                         ; OFF       ; IGNORE_CASCADE      ;
; LPM_WIDTHA                                     ; 27        ; Untyped             ;
; LPM_WIDTHB                                     ; 27        ; Untyped             ;
; LPM_WIDTHP                                     ; 54        ; Untyped             ;
; LPM_WIDTHR                                     ; 54        ; Untyped             ;
; LPM_WIDTHS                                     ; 1         ; Untyped             ;
; LPM_REPRESENTATION                             ; UNSIGNED  ; Untyped             ;
; LPM_PIPELINE                                   ; 0         ; Untyped             ;
; LATENCY                                        ; 0         ; Untyped             ;
; INPUT_A_IS_CONSTANT                            ; NO        ; Untyped             ;
; INPUT_B_IS_CONSTANT                            ; NO        ; Untyped             ;
; USE_EAB                                        ; OFF       ; Untyped             ;
; MAXIMIZE_SPEED                                 ; 5         ; Untyped             ;
; DEVICE_FAMILY                                  ; Cyclone V ; Untyped             ;
; CARRY_CHAIN                                    ; MANUAL    ; Untyped             ;
; APEX20K_TECHNOLOGY_MAPPER                      ; LUT       ; TECH_MAPPER_APEX20K ;
; DEDICATED_MULTIPLIER_CIRCUITRY                 ; NO        ; Untyped             ;
; DEDICATED_MULTIPLIER_MIN_INPUT_WIDTH_FOR_AUTO  ; 0         ; Untyped             ;
; DEDICATED_MULTIPLIER_MIN_OUTPUT_WIDTH_FOR_AUTO ; 0         ; Untyped             ;
; CBXI_PARAMETER                                 ; mult_pl01 ; Untyped             ;
; INPUT_A_FIXED_VALUE                            ; Bx        ; Untyped             ;
; INPUT_B_FIXED_VALUE                            ; Bx        ; Untyped             ;
; USE_AHDL_IMPLEMENTATION                        ; OFF       ; Untyped             ;
+------------------------------------------------+-----------+---------------------+
Note: In order to hide this table in the UI and the text report file, please set the "Show Parameter Settings in Synthesis Report" option in "Analysis and Synthesis Settings -> More Settings" to "Off".


+----------------------------------------------------------------------------------+
; Parameter Settings for Inferred Entity Instance: lpm_mult:Mult0_rtl_4            ;
+------------------------------------------------+-----------+---------------------+
; Parameter Name                                 ; Value     ; Type                ;
+------------------------------------------------+-----------+---------------------+
; AUTO_CARRY_CHAINS                              ; ON        ; AUTO_CARRY          ;
; IGNORE_CARRY_BUFFERS                           ; OFF       ; IGNORE_CARRY        ;
; AUTO_CASCADE_CHAINS                            ; ON        ; AUTO_CASCADE        ;
; IGNORE_CASCADE_BUFFERS                         ; OFF       ; IGNORE_CASCADE      ;
; LPM_WIDTHA                                     ; 14        ; Untyped             ;
; LPM_WIDTHB                                     ; 18        ; Untyped             ;
; LPM_WIDTHP                                     ; 32        ; Untyped             ;
; LPM_WIDTHR                                     ; 32        ; Untyped             ;
; LPM_WIDTHS                                     ; 1         ; Untyped             ;
; LPM_REPRESENTATION                             ; UNSIGNED  ; Untyped             ;
; LPM_PIPELINE                                   ; 0         ; Untyped             ;
; LATENCY                                        ; 0         ; Untyped             ;
; INPUT_A_IS_CONSTANT                            ; NO        ; Untyped             ;
; INPUT_B_IS_CONSTANT                            ; NO        ; Untyped             ;
; USE_EAB                                        ; OFF       ; Untyped             ;
; MAXIMIZE_SPEED                                 ; 5         ; Untyped             ;
; DEVICE_FAMILY                                  ; Cyclone V ; Untyped             ;
; CARRY_CHAIN                                    ; MANUAL    ; Untyped             ;
; APEX20K_TECHNOLOGY_MAPPER                      ; LUT       ; TECH_MAPPER_APEX20K ;
; DEDICATED_MULTIPLIER_CIRCUITRY                 ; NO        ; Untyped             ;
; DEDICATED_MULTIPLIER_MIN_INPUT_WIDTH_FOR_AUTO  ; 0         ; Untyped             ;
; DEDICATED_MULTIPLIER_MIN_OUTPUT_WIDTH_FOR_AUTO ; 0         ; Untyped             ;
; CBXI_PARAMETER                                 ; mult_gl01 ; Untyped             ;
; INPUT_A_FIXED_VALUE                            ; Bx        ; Untyped             ;
; INPUT_B_FIXED_VALUE                            ; Bx        ; Untyped             ;
; USE_AHDL_IMPLEMENTATION                        ; OFF       ; Untyped             ;
+------------------------------------------------+-----------+---------------------+
Note: In order to hide this table in the UI and the text report file, please set the "Show Parameter Settings in Synthesis Report" option in "Analysis and Synthesis Settings -> More Settings" to "Off".


+----------------------------------------------------------------------------------+
; Parameter Settings for Inferred Entity Instance: lpm_mult:Mult3_rtl_5            ;
+------------------------------------------------+-----------+---------------------+
; Parameter Name                                 ; Value     ; Type                ;
+------------------------------------------------+-----------+---------------------+
; AUTO_CARRY_CHAINS                              ; ON        ; AUTO_CARRY          ;
; IGNORE_CARRY_BUFFERS                           ; OFF       ; IGNORE_CARRY        ;
; AUTO_CASCADE_CHAINS                            ; ON        ; AUTO_CASCADE        ;
; IGNORE_CASCADE_BUFFERS                         ; OFF       ; IGNORE_CASCADE      ;
; LPM_WIDTHA                                     ; 26        ; Untyped             ;
; LPM_WIDTHB                                     ; 26        ; Untyped             ;
; LPM_WIDTHP                                     ; 52        ; Untyped             ;
; LPM_WIDTHR                                     ; 52        ; Untyped             ;
; LPM_WIDTHS                                     ; 1         ; Untyped             ;
; LPM_REPRESENTATION                             ; UNSIGNED  ; Untyped             ;
; LPM_PIPELINE                                   ; 0         ; Untyped             ;
; LATENCY                                        ; 0         ; Untyped             ;
; INPUT_A_IS_CONSTANT                            ; NO        ; Untyped             ;
; INPUT_B_IS_CONSTANT                            ; NO        ; Untyped             ;
; USE_EAB                                        ; OFF       ; Untyped             ;
; MAXIMIZE_SPEED                                 ; 5         ; Untyped             ;
; DEVICE_FAMILY                                  ; Cyclone V ; Untyped             ;
; CARRY_CHAIN                                    ; MANUAL    ; Untyped             ;
; APEX20K_TECHNOLOGY_MAPPER                      ; LUT       ; TECH_MAPPER_APEX20K ;
; DEDICATED_MULTIPLIER_CIRCUITRY                 ; NO        ; Untyped             ;
; DEDICATED_MULTIPLIER_MIN_INPUT_WIDTH_FOR_AUTO  ; 0         ; Untyped             ;
; DEDICATED_MULTIPLIER_MIN_OUTPUT_WIDTH_FOR_AUTO ; 0         ; Untyped             ;
; CBXI_PARAMETER                                 ; mult_kl01 ; Untyped             ;
; INPUT_A_FIXED_VALUE                            ; Bx        ; Untyped             ;
; INPUT_B_FIXED_VALUE                            ; Bx        ; Untyped             ;
; USE_AHDL_IMPLEMENTATION                        ; OFF       ; Untyped             ;
+------------------------------------------------+-----------+---------------------+
Note: In order to hide this table in the UI and the text report file, please set the "Show Parameter Settings in Synthesis Report" option in "Analysis and Synthesis Settings -> More Settings" to "Off".


+----------------------------------------------------------------------------------+
; Parameter Settings for Inferred Entity Instance: lpm_mult:Mult2_rtl_6            ;
+------------------------------------------------+-----------+---------------------+
; Parameter Name                                 ; Value     ; Type                ;
+------------------------------------------------+-----------+---------------------+
; AUTO_CARRY_CHAINS                              ; ON        ; AUTO_CARRY          ;
; IGNORE_CARRY_BUFFERS                           ; OFF       ; IGNORE_CARRY        ;
; AUTO_CASCADE_CHAINS                            ; ON        ; AUTO_CASCADE        ;
; IGNORE_CASCADE_BUFFERS                         ; OFF       ; IGNORE_CASCADE      ;
; LPM_WIDTHA                                     ; 25        ; Untyped             ;
; LPM_WIDTHB                                     ; 25        ; Untyped             ;
; LPM_WIDTHP                                     ; 50        ; Untyped             ;
; LPM_WIDTHR                                     ; 50        ; Untyped             ;
; LPM_WIDTHS                                     ; 1         ; Untyped             ;
; LPM_REPRESENTATION                             ; UNSIGNED  ; Untyped             ;
; LPM_PIPELINE                                   ; 0         ; Untyped             ;
; LATENCY                                        ; 0         ; Untyped             ;
; INPUT_A_IS_CONSTANT                            ; NO        ; Untyped             ;
; INPUT_B_IS_CONSTANT                            ; NO        ; Untyped             ;
; USE_EAB                                        ; OFF       ; Untyped             ;
; MAXIMIZE_SPEED                                 ; 5         ; Untyped             ;
; DEVICE_FAMILY                                  ; Cyclone V ; Untyped             ;
; CARRY_CHAIN                                    ; MANUAL    ; Untyped             ;
; APEX20K_TECHNOLOGY_MAPPER                      ; LUT       ; TECH_MAPPER_APEX20K ;
; DEDICATED_MULTIPLIER_CIRCUITRY                 ; NO        ; Untyped             ;
; DEDICATED_MULTIPLIER_MIN_INPUT_WIDTH_FOR_AUTO  ; 0         ; Untyped             ;
; DEDICATED_MULTIPLIER_MIN_OUTPUT_WIDTH_FOR_AUTO ; 0         ; Untyped             ;
; CBXI_PARAMETER                                 ; mult_hl01 ; Untyped             ;
; INPUT_A_FIXED_VALUE                            ; Bx        ; Untyped             ;
; INPUT_B_FIXED_VALUE                            ; Bx        ; Untyped             ;
; USE_AHDL_IMPLEMENTATION                        ; OFF       ; Untyped             ;
+------------------------------------------------+-----------+---------------------+
Note: In order to hide this table in the UI and the text report file, please set the "Show Parameter Settings in Synthesis Report" option in "Analysis and Synthesis Settings -> More Settings" to "Off".


+----------------------------------------------------------------------------------+
; Parameter Settings for Inferred Entity Instance: lpm_mult:Mult1_rtl_7            ;
+------------------------------------------------+-----------+---------------------+
; Parameter Name                                 ; Value     ; Type                ;
+------------------------------------------------+-----------+---------------------+
; AUTO_CARRY_CHAINS                              ; ON        ; AUTO_CARRY          ;
; IGNORE_CARRY_BUFFERS                           ; OFF       ; IGNORE_CARRY        ;
; AUTO_CASCADE_CHAINS                            ; ON        ; AUTO_CASCADE        ;
; IGNORE_CASCADE_BUFFERS                         ; OFF       ; IGNORE_CASCADE      ;
; LPM_WIDTHA                                     ; 24        ; Untyped             ;
; LPM_WIDTHB                                     ; 24        ; Untyped             ;
; LPM_WIDTHP                                     ; 48        ; Untyped             ;
; LPM_WIDTHR                                     ; 48        ; Untyped             ;
; LPM_WIDTHS                                     ; 1         ; Untyped             ;
; LPM_REPRESENTATION                             ; UNSIGNED  ; Untyped             ;
; LPM_PIPELINE                                   ; 0         ; Untyped             ;
; LATENCY                                        ; 0         ; Untyped             ;
; INPUT_A_IS_CONSTANT                            ; NO        ; Untyped             ;
; INPUT_B_IS_CONSTANT                            ; NO        ; Untyped             ;
; USE_EAB                                        ; OFF       ; Untyped             ;
; MAXIMIZE_SPEED                                 ; 5         ; Untyped             ;
; DEVICE_FAMILY                                  ; Cyclone V ; Untyped             ;
; CARRY_CHAIN                                    ; MANUAL    ; Untyped             ;
; APEX20K_TECHNOLOGY_MAPPER                      ; LUT       ; TECH_MAPPER_APEX20K ;
; DEDICATED_MULTIPLIER_CIRCUITRY                 ; NO        ; Untyped             ;
; DEDICATED_MULTIPLIER_MIN_INPUT_WIDTH_FOR_AUTO  ; 0         ; Untyped             ;
; DEDICATED_MULTIPLIER_MIN_OUTPUT_WIDTH_FOR_AUTO ; 0         ; Untyped             ;
; CBXI_PARAMETER                                 ; mult_ll01 ; Untyped             ;
; INPUT_A_FIXED_VALUE                            ; Bx        ; Untyped             ;
; INPUT_B_FIXED_VALUE                            ; Bx        ; Untyped             ;
; USE_AHDL_IMPLEMENTATION                        ; OFF       ; Untyped             ;
+------------------------------------------------+-----------+---------------------+
Note: In order to hide this table in the UI and the text report file, please set the "Show Parameter Settings in Synthesis Report" option in "Analysis and Synthesis Settings -> More Settings" to "Off".


+----------------------------------------------------------------------------------+
; Parameter Settings for Inferred Entity Instance: lpm_mult:Mult0_rtl_8            ;
+------------------------------------------------+-----------+---------------------+
; Parameter Name                                 ; Value     ; Type                ;
+------------------------------------------------+-----------+---------------------+
; AUTO_CARRY_CHAINS                              ; ON        ; AUTO_CARRY          ;
; IGNORE_CARRY_BUFFERS                           ; OFF       ; IGNORE_CARRY        ;
; AUTO_CASCADE_CHAINS                            ; ON        ; AUTO_CASCADE        ;
; IGNORE_CASCADE_BUFFERS                         ; OFF       ; IGNORE_CASCADE      ;
; LPM_WIDTHA                                     ; 14        ; Untyped             ;
; LPM_WIDTHB                                     ; 14        ; Untyped             ;
; LPM_WIDTHP                                     ; 28        ; Untyped             ;
; LPM_WIDTHR                                     ; 28        ; Untyped             ;
; LPM_WIDTHS                                     ; 1         ; Untyped             ;
; LPM_REPRESENTATION                             ; UNSIGNED  ; Untyped             ;
; LPM_PIPELINE                                   ; 0         ; Untyped             ;
; LATENCY                                        ; 0         ; Untyped             ;
; INPUT_A_IS_CONSTANT                            ; NO        ; Untyped             ;
; INPUT_B_IS_CONSTANT                            ; NO        ; Untyped             ;
; USE_EAB                                        ; OFF       ; Untyped             ;
; MAXIMIZE_SPEED                                 ; 5         ; Untyped             ;
; DEVICE_FAMILY                                  ; Cyclone V ; Untyped             ;
; CARRY_CHAIN                                    ; MANUAL    ; Untyped             ;
; APEX20K_TECHNOLOGY_MAPPER                      ; LUT       ; TECH_MAPPER_APEX20K ;
; DEDICATED_MULTIPLIER_CIRCUITRY                 ; NO        ; Untyped             ;
; DEDICATED_MULTIPLIER_MIN_INPUT_WIDTH_FOR_AUTO  ; 0         ; Untyped             ;
; DEDICATED_MULTIPLIER_MIN_OUTPUT_WIDTH_FOR_AUTO ; 0         ; Untyped             ;
; CBXI_PARAMETER                                 ; mult_il01 ; Untyped             ;
; INPUT_A_FIXED_VALUE                            ; Bx        ; Untyped             ;
; INPUT_B_FIXED_VALUE                            ; Bx        ; Untyped             ;
; USE_AHDL_IMPLEMENTATION                        ; OFF       ; Untyped             ;
+------------------------------------------------+-----------+---------------------+
Note: In order to hide this table in the UI and the text report file, please set the "Show Parameter Settings in Synthesis Report" option in "Analysis and Synthesis Settings -> More Settings" to "Off".


+--------------------------------------------------------------+
; lpm_mult Parameter Settings by Entity Instance               ;
+---------------------------------------+----------------------+
; Name                                  ; Value                ;
+---------------------------------------+----------------------+
; Number of entity instances            ; 9                    ;
; Entity Instance                       ; lpm_mult:Mult0_rtl_0 ;
;     -- LPM_WIDTHA                     ; 18                   ;
;     -- LPM_WIDTHB                     ; 18                   ;
;     -- LPM_WIDTHP                     ; 36                   ;
;     -- LPM_REPRESENTATION             ; UNSIGNED             ;
;     -- INPUT_A_IS_CONSTANT            ; NO                   ;
;     -- INPUT_B_IS_CONSTANT            ; NO                   ;
;     -- USE_EAB                        ; OFF                  ;
;     -- DEDICATED_MULTIPLIER_CIRCUITRY ; NO                   ;
;     -- INPUT_A_FIXED_VALUE            ; Bx                   ;
;     -- INPUT_B_FIXED_VALUE            ; Bx                   ;
; Entity Instance                       ; lpm_mult:Mult1_rtl_1 ;
;     -- LPM_WIDTHA                     ; 27                   ;
;     -- LPM_WIDTHB                     ; 27                   ;
;     -- LPM_WIDTHP                     ; 54                   ;
;     -- LPM_REPRESENTATION             ; UNSIGNED             ;
;     -- INPUT_A_IS_CONSTANT            ; NO                   ;
;     -- INPUT_B_IS_CONSTANT            ; NO                   ;
;     -- USE_EAB                        ; OFF                  ;
;     -- DEDICATED_MULTIPLIER_CIRCUITRY ; NO                   ;
;     -- INPUT_A_FIXED_VALUE            ; Bx                   ;
;     -- INPUT_B_FIXED_VALUE            ; Bx                   ;
; Entity Instance                       ; lpm_mult:Mult2_rtl_2 ;
;     -- LPM_WIDTHA                     ; 27                   ;
;     -- LPM_WIDTHB                     ; 27                   ;
;     -- LPM_WIDTHP                     ; 54                   ;
;     -- LPM_REPRESENTATION             ; UNSIGNED             ;
;     -- INPUT_A_IS_CONSTANT            ; NO                   ;
;     -- INPUT_B_IS_CONSTANT            ; NO                   ;
;     -- USE_EAB                        ; OFF                  ;
;     -- DEDICATED_MULTIPLIER_CIRCUITRY ; NO                   ;
;     -- INPUT_A_FIXED_VALUE            ; Bx                   ;
;     -- INPUT_B_FIXED_VALUE            ; Bx                   ;
; Entity Instance                       ; lpm_mult:Mult3_rtl_3 ;
;     -- LPM_WIDTHA                     ; 27                   ;
;     -- LPM_WIDTHB                     ; 27                   ;
;     -- LPM_WIDTHP                     ; 54                   ;
;     -- LPM_REPRESENTATION             ; UNSIGNED             ;
;     -- INPUT_A_IS_CONSTANT            ; NO                   ;
;     -- INPUT_B_IS_CONSTANT            ; NO                   ;
;     -- USE_EAB                        ; OFF                  ;
;     -- DEDICATED_MULTIPLIER_CIRCUITRY ; NO                   ;
;     -- INPUT_A_FIXED_VALUE            ; Bx                   ;
;     -- INPUT_B_FIXED_VALUE            ; Bx                   ;
; Entity Instance                       ; lpm_mult:Mult0_rtl_4 ;
;     -- LPM_WIDTHA                     ; 14                   ;
;     -- LPM_WIDTHB                     ; 18                   ;
;     -- LPM_WIDTHP                     ; 32                   ;
;     -- LPM_REPRESENTATION             ; UNSIGNED             ;
;     -- INPUT_A_IS_CONSTANT            ; NO                   ;
;     -- INPUT_B_IS_CONSTANT            ; NO                   ;
;     -- USE_EAB                        ; OFF                  ;
;     -- DEDICATED_MULTIPLIER_CIRCUITRY ; NO                   ;
;     -- INPUT_A_FIXED_VALUE            ; Bx                   ;
;     -- INPUT_B_FIXED_VALUE            ; Bx                   ;
; Entity Instance                       ; lpm_mult:Mult3_rtl_5 ;
;     -- LPM_WIDTHA                     ; 26                   ;
;     -- LPM_WIDTHB                     ; 26                   ;
;     -- LPM_WIDTHP                     ; 52                   ;
;     -- LPM_REPRESENTATION             ; UNSIGNED             ;
;     -- INPUT_A_IS_CONSTANT            ; NO                   ;
;     -- INPUT_B_IS_CONSTANT            ; NO                   ;
;     -- USE_EAB                        ; OFF                  ;
;     -- DEDICATED_MULTIPLIER_CIRCUITRY ; NO                   ;
;     -- INPUT_A_FIXED_VALUE            ; Bx                   ;
;     -- INPUT_B_FIXED_VALUE            ; Bx                   ;
; Entity Instance                       ; lpm_mult:Mult2_rtl_6 ;
;     -- LPM_WIDTHA                     ; 25                   ;
;     -- LPM_WIDTHB                     ; 25                   ;
;     -- LPM_WIDTHP                     ; 50                   ;
;     -- LPM_REPRESENTATION             ; UNSIGNED             ;
;     -- INPUT_A_IS_CONSTANT            ; NO                   ;
;     -- INPUT_B_IS_CONSTANT            ; NO                   ;
;     -- USE_EAB                        ; OFF                  ;
;     -- DEDICATED_MULTIPLIER_CIRCUITRY ; NO                   ;
;     -- INPUT_A_FIXED_VALUE            ; Bx                   ;
;     -- INPUT_B_FIXED_VALUE            ; Bx                   ;
; Entity Instance                       ; lpm_mult:Mult1_rtl_7 ;
;     -- LPM_WIDTHA                     ; 24                   ;
;     -- LPM_WIDTHB                     ; 24                   ;
;     -- LPM_WIDTHP                     ; 48                   ;
;     -- LPM_REPRESENTATION             ; UNSIGNED             ;
;     -- INPUT_A_IS_CONSTANT            ; NO                   ;
;     -- INPUT_B_IS_CONSTANT            ; NO                   ;
;     -- USE_EAB                        ; OFF                  ;
;     -- DEDICATED_MULTIPLIER_CIRCUITRY ; NO                   ;
;     -- INPUT_A_FIXED_VALUE            ; Bx                   ;
;     -- INPUT_B_FIXED_VALUE            ; Bx                   ;
; Entity Instance                       ; lpm_mult:Mult0_rtl_8 ;
;     -- LPM_WIDTHA                     ; 14                   ;
;     -- LPM_WIDTHB                     ; 14                   ;
;     -- LPM_WIDTHP                     ; 28                   ;
;     -- LPM_REPRESENTATION             ; UNSIGNED             ;
;     -- INPUT_A_IS_CONSTANT            ; NO                   ;
;     -- INPUT_B_IS_CONSTANT            ; NO                   ;
;     -- USE_EAB                        ; OFF                  ;
;     -- DEDICATED_MULTIPLIER_CIRCUITRY ; NO                   ;
;     -- INPUT_A_FIXED_VALUE            ; Bx                   ;
;     -- INPUT_B_FIXED_VALUE            ; Bx                   ;
+---------------------------------------+----------------------+


+-----------------------------------------------------+
; Post-Synthesis Netlist Statistics for Top Partition ;
+-----------------------+-----------------------------+
; Type                  ; Count                       ;
+-----------------------+-----------------------------+
; arriav_lcell_comb     ; 2939                        ;
;     arith             ; 1514                        ;
;         0 data inputs ; 51                          ;
;         1 data inputs ; 12                          ;
;         2 data inputs ; 101                         ;
;         3 data inputs ; 87                          ;
;         4 data inputs ; 1263                        ;
;     normal            ; 322                         ;
;         2 data inputs ; 320                         ;
;         4 data inputs ; 2                           ;
;     shared            ; 1103                        ;
;         0 data inputs ; 21                          ;
;         1 data inputs ; 74                          ;
;         2 data inputs ; 305                         ;
;         3 data inputs ; 703                         ;
; arriav_mac            ; 3                           ;
; boundary_port         ; 96                          ;
;                       ;                             ;
; Max LUT depth         ; 22.40                       ;
; Average LUT depth     ; 20.70                       ;
+-----------------------+-----------------------------+


+-------------------------------+
; Elapsed Time Per Partition    ;
+----------------+--------------+
; Partition Name ; Elapsed Time ;
+----------------+--------------+
; Top            ; 00:00:06     ;
+----------------+--------------+


+-------------------------------+
; Analysis & Synthesis Messages ;
+-------------------------------+
Info: *******************************************************************
Info: Running Quartus Prime Analysis & Synthesis
    Info: Version 18.0.0 Build 614 04/24/2018 SJ Lite Edition
    Info: Processing started: Sun Sep 10 12:52:34 2023
Info: Command: quartus_map --read_settings_files=on --write_settings_files=off optiver -c optiver
Warning (18236): Number of processors has not been specified which may cause overloading on shared machines.  Set the global assignment NUM_PARALLEL_PROCESSORS in your QSF to an appropriate value for best performance.
Info (20030): Parallel compilation is enabled and will use 4 of the 4 processors detected
Info (12021): Found 1 design units, including 1 entities, in source file optiver.v
    Info (12023): Found entity 1: optiver File: C:/intelFPGA_lite/18.0/my_designs/optiver.v Line: 1
Info (12127): Elaborating entity "optiver" for the top level hierarchy
Info (278001): Inferred 9 megafunctions from design logic
    Info (278003): Inferred multiplier megafunction ("lpm_mult") from the following logic: "Mult0~mult_llmacmult" File: C:/intelFPGA_lite/18.0/my_designs/optiver.v Line: 2
    Info (278003): Inferred multiplier megafunction ("lpm_mult") from the following logic: "Mult1~mult_l_mult_l_macmult" File: C:/intelFPGA_lite/18.0/my_designs/optiver.v Line: 2
    Info (278003): Inferred multiplier megafunction ("lpm_mult") from the following logic: "Mult2~mult_l_mult_l_macmult" File: C:/intelFPGA_lite/18.0/my_designs/optiver.v Line: 2
    Info (278003): Inferred multiplier megafunction ("lpm_mult") from the following logic: "Mult3~mult_l_mult_l_macmult" File: C:/intelFPGA_lite/18.0/my_designs/optiver.v Line: 2
    Info (278003): Inferred multiplier megafunction ("lpm_mult") from the following logic: "Mult0~add_lh_hlmacmult_1" File: C:/intelFPGA_lite/18.0/my_designs/optiver.v Line: 2
    Info (278003): Inferred multiplier megafunction ("lpm_mult") from the following logic: "Mult3~mult_l_mult_h_mult_l_macmult" File: C:/intelFPGA_lite/18.0/my_designs/optiver.v Line: 2
    Info (278003): Inferred multiplier megafunction ("lpm_mult") from the following logic: "Mult2~mult_l_mult_h_mult_l_macmult" File: C:/intelFPGA_lite/18.0/my_designs/optiver.v Line: 2
    Info (278003): Inferred multiplier megafunction ("lpm_mult") from the following logic: "Mult1~mult_l_mult_h_mult_llmacmult" File: C:/intelFPGA_lite/18.0/my_designs/optiver.v Line: 2
    Info (278003): Inferred multiplier megafunction ("lpm_mult") from the following logic: "Mult0~mult_hhmacmult" File: C:/intelFPGA_lite/18.0/my_designs/optiver.v Line: 2
Info (12130): Elaborated megafunction instantiation "lpm_mult:Mult0_rtl_0"
Info (12133): Instantiated megafunction "lpm_mult:Mult0_rtl_0" with the following parameter:
    Info (12134): Parameter "LPM_WIDTHA" = "18"
    Info (12134): Parameter "LPM_WIDTHB" = "18"
    Info (12134): Parameter "LPM_WIDTHP" = "36"
    Info (12134): Parameter "LPM_WIDTHR" = "36"
    Info (12134): Parameter "LPM_WIDTHS" = "1"
    Info (12134): Parameter "LPM_REPRESENTATION" = "UNSIGNED"
    Info (12134): Parameter "INPUT_A_IS_CONSTANT" = "NO"
    Info (12134): Parameter "INPUT_B_IS_CONSTANT" = "NO"
    Info (12134): Parameter "MAXIMIZE_SPEED" = "5"
    Info (12134): Parameter "DEDICATED_MULTIPLIER_CIRCUITRY" = "NO"
Info (12021): Found 1 design units, including 1 entities, in source file db/mult_ol01.v
    Info (12023): Found entity 1: mult_ol01 File: C:/intelFPGA_lite/18.0/my_designs/db/mult_ol01.v Line: 80
Info (12130): Elaborated megafunction instantiation "lpm_mult:Mult1_rtl_1"
Info (12133): Instantiated megafunction "lpm_mult:Mult1_rtl_1" with the following parameter:
    Info (12134): Parameter "LPM_WIDTHA" = "27"
    Info (12134): Parameter "LPM_WIDTHB" = "27"
    Info (12134): Parameter "LPM_WIDTHP" = "54"
    Info (12134): Parameter "LPM_WIDTHR" = "54"
    Info (12134): Parameter "LPM_WIDTHS" = "1"
    Info (12134): Parameter "LPM_REPRESENTATION" = "UNSIGNED"
    Info (12134): Parameter "INPUT_A_IS_CONSTANT" = "NO"
    Info (12134): Parameter "INPUT_B_IS_CONSTANT" = "NO"
    Info (12134): Parameter "MAXIMIZE_SPEED" = "5"
    Info (12134): Parameter "DEDICATED_MULTIPLIER_CIRCUITRY" = "NO"
Info (12021): Found 1 design units, including 1 entities, in source file db/mult_pl01.v
    Info (12023): Found entity 1: mult_pl01 File: C:/intelFPGA_lite/18.0/my_designs/db/mult_pl01.v Line: 108
Info (12130): Elaborated megafunction instantiation "lpm_mult:Mult2_rtl_2"
Info (12133): Instantiated megafunction "lpm_mult:Mult2_rtl_2" with the following parameter:
    Info (12134): Parameter "LPM_WIDTHA" = "27"
    Info (12134): Parameter "LPM_WIDTHB" = "27"
    Info (12134): Parameter "LPM_WIDTHP" = "54"
    Info (12134): Parameter "LPM_WIDTHR" = "54"
    Info (12134): Parameter "LPM_WIDTHS" = "1"
    Info (12134): Parameter "LPM_REPRESENTATION" = "UNSIGNED"
    Info (12134): Parameter "INPUT_A_IS_CONSTANT" = "NO"
    Info (12134): Parameter "INPUT_B_IS_CONSTANT" = "NO"
    Info (12134): Parameter "MAXIMIZE_SPEED" = "5"
    Info (12134): Parameter "DEDICATED_MULTIPLIER_CIRCUITRY" = "NO"
Info (12130): Elaborated megafunction instantiation "lpm_mult:Mult3_rtl_3"
Info (12133): Instantiated megafunction "lpm_mult:Mult3_rtl_3" with the following parameter:
    Info (12134): Parameter "LPM_WIDTHA" = "27"
    Info (12134): Parameter "LPM_WIDTHB" = "27"
    Info (12134): Parameter "LPM_WIDTHP" = "54"
    Info (12134): Parameter "LPM_WIDTHR" = "54"
    Info (12134): Parameter "LPM_WIDTHS" = "1"
    Info (12134): Parameter "LPM_REPRESENTATION" = "UNSIGNED"
    Info (12134): Parameter "INPUT_A_IS_CONSTANT" = "NO"
    Info (12134): Parameter "INPUT_B_IS_CONSTANT" = "NO"
    Info (12134): Parameter "MAXIMIZE_SPEED" = "5"
    Info (12134): Parameter "DEDICATED_MULTIPLIER_CIRCUITRY" = "NO"
Info (12130): Elaborated megafunction instantiation "lpm_mult:Mult0_rtl_4"
Info (12133): Instantiated megafunction "lpm_mult:Mult0_rtl_4" with the following parameter:
    Info (12134): Parameter "LPM_WIDTHA" = "14"
    Info (12134): Parameter "LPM_WIDTHB" = "18"
    Info (12134): Parameter "LPM_WIDTHP" = "32"
    Info (12134): Parameter "LPM_WIDTHR" = "32"
    Info (12134): Parameter "LPM_WIDTHS" = "1"
    Info (12134): Parameter "LPM_REPRESENTATION" = "UNSIGNED"
    Info (12134): Parameter "INPUT_A_IS_CONSTANT" = "NO"
    Info (12134): Parameter "INPUT_B_IS_CONSTANT" = "NO"
    Info (12134): Parameter "MAXIMIZE_SPEED" = "5"
    Info (12134): Parameter "DEDICATED_MULTIPLIER_CIRCUITRY" = "NO"
Info (12021): Found 1 design units, including 1 entities, in source file db/mult_gl01.v
    Info (12023): Found entity 1: mult_gl01 File: C:/intelFPGA_lite/18.0/my_designs/db/mult_gl01.v Line: 68
Info (12130): Elaborated megafunction instantiation "lpm_mult:Mult3_rtl_5"
Info (12133): Instantiated megafunction "lpm_mult:Mult3_rtl_5" with the following parameter:
    Info (12134): Parameter "LPM_WIDTHA" = "26"
    Info (12134): Parameter "LPM_WIDTHB" = "26"
    Info (12134): Parameter "LPM_WIDTHP" = "52"
    Info (12134): Parameter "LPM_WIDTHR" = "52"
    Info (12134): Parameter "LPM_WIDTHS" = "1"
    Info (12134): Parameter "LPM_REPRESENTATION" = "UNSIGNED"
    Info (12134): Parameter "INPUT_A_IS_CONSTANT" = "NO"
    Info (12134): Parameter "INPUT_B_IS_CONSTANT" = "NO"
    Info (12134): Parameter "MAXIMIZE_SPEED" = "5"
    Info (12134): Parameter "DEDICATED_MULTIPLIER_CIRCUITRY" = "NO"
Info (12021): Found 1 design units, including 1 entities, in source file db/mult_kl01.v
    Info (12023): Found entity 1: mult_kl01 File: C:/intelFPGA_lite/18.0/my_designs/db/mult_kl01.v Line: 104
Info (12130): Elaborated megafunction instantiation "lpm_mult:Mult2_rtl_6"
Info (12133): Instantiated megafunction "lpm_mult:Mult2_rtl_6" with the following parameter:
    Info (12134): Parameter "LPM_WIDTHA" = "25"
    Info (12134): Parameter "LPM_WIDTHB" = "25"
    Info (12134): Parameter "LPM_WIDTHP" = "50"
    Info (12134): Parameter "LPM_WIDTHR" = "50"
    Info (12134): Parameter "LPM_WIDTHS" = "1"
    Info (12134): Parameter "LPM_REPRESENTATION" = "UNSIGNED"
    Info (12134): Parameter "INPUT_A_IS_CONSTANT" = "NO"
    Info (12134): Parameter "INPUT_B_IS_CONSTANT" = "NO"
    Info (12134): Parameter "MAXIMIZE_SPEED" = "5"
    Info (12134): Parameter "DEDICATED_MULTIPLIER_CIRCUITRY" = "NO"
Info (12021): Found 1 design units, including 1 entities, in source file db/mult_hl01.v
    Info (12023): Found entity 1: mult_hl01 File: C:/intelFPGA_lite/18.0/my_designs/db/mult_hl01.v Line: 100
Info (12130): Elaborated megafunction instantiation "lpm_mult:Mult1_rtl_7"
Info (12133): Instantiated megafunction "lpm_mult:Mult1_rtl_7" with the following parameter:
    Info (12134): Parameter "LPM_WIDTHA" = "24"
    Info (12134): Parameter "LPM_WIDTHB" = "24"
    Info (12134): Parameter "LPM_WIDTHP" = "48"
    Info (12134): Parameter "LPM_WIDTHR" = "48"
    Info (12134): Parameter "LPM_WIDTHS" = "1"
    Info (12134): Parameter "LPM_REPRESENTATION" = "UNSIGNED"
    Info (12134): Parameter "INPUT_A_IS_CONSTANT" = "NO"
    Info (12134): Parameter "INPUT_B_IS_CONSTANT" = "NO"
    Info (12134): Parameter "MAXIMIZE_SPEED" = "5"
    Info (12134): Parameter "DEDICATED_MULTIPLIER_CIRCUITRY" = "NO"
Info (12021): Found 1 design units, including 1 entities, in source file db/mult_ll01.v
    Info (12023): Found entity 1: mult_ll01 File: C:/intelFPGA_lite/18.0/my_designs/db/mult_ll01.v Line: 100
Info (12130): Elaborated megafunction instantiation "lpm_mult:Mult0_rtl_8"
Info (12133): Instantiated megafunction "lpm_mult:Mult0_rtl_8" with the following parameter:
    Info (12134): Parameter "LPM_WIDTHA" = "14"
    Info (12134): Parameter "LPM_WIDTHB" = "14"
    Info (12134): Parameter "LPM_WIDTHP" = "28"
    Info (12134): Parameter "LPM_WIDTHR" = "28"
    Info (12134): Parameter "LPM_WIDTHS" = "1"
    Info (12134): Parameter "LPM_REPRESENTATION" = "UNSIGNED"
    Info (12134): Parameter "INPUT_A_IS_CONSTANT" = "NO"
    Info (12134): Parameter "INPUT_B_IS_CONSTANT" = "NO"
    Info (12134): Parameter "MAXIMIZE_SPEED" = "5"
    Info (12134): Parameter "DEDICATED_MULTIPLIER_CIRCUITRY" = "NO"
Info (12021): Found 1 design units, including 1 entities, in source file db/mult_il01.v
    Info (12023): Found entity 1: mult_il01 File: C:/intelFPGA_lite/18.0/my_designs/db/mult_il01.v Line: 68
Info (13014): Ignored 3671 buffer(s)
    Info (13019): Ignored 3671 SOFT buffer(s)
Info (286030): Timing-Driven Synthesis is running
Info (16010): Generating hard_block partition "hard_block:auto_generated_inst"
    Info (16011): Adding 0 node(s), including 0 DDIO, 0 PLL, 0 transceiver and 0 LCELL
Warning (21074): Design contains 32 input pin(s) that do not drive logic
    Warning (15610): No output dependent on input pin "Y[0]" File: C:/intelFPGA_lite/18.0/my_designs/optiver.v Line: 1
    Warning (15610): No output dependent on input pin "Y[1]" File: C:/intelFPGA_lite/18.0/my_designs/optiver.v Line: 1
    Warning (15610): No output dependent on input pin "Y[2]" File: C:/intelFPGA_lite/18.0/my_designs/optiver.v Line: 1
    Warning (15610): No output dependent on input pin "Y[3]" File: C:/intelFPGA_lite/18.0/my_designs/optiver.v Line: 1
    Warning (15610): No output dependent on input pin "Y[4]" File: C:/intelFPGA_lite/18.0/my_designs/optiver.v Line: 1
    Warning (15610): No output dependent on input pin "Y[5]" File: C:/intelFPGA_lite/18.0/my_designs/optiver.v Line: 1
    Warning (15610): No output dependent on input pin "Y[6]" File: C:/intelFPGA_lite/18.0/my_designs/optiver.v Line: 1
    Warning (15610): No output dependent on input pin "Y[7]" File: C:/intelFPGA_lite/18.0/my_designs/optiver.v Line: 1
    Warning (15610): No output dependent on input pin "Y[8]" File: C:/intelFPGA_lite/18.0/my_designs/optiver.v Line: 1
    Warning (15610): No output dependent on input pin "Y[9]" File: C:/intelFPGA_lite/18.0/my_designs/optiver.v Line: 1
    Warning (15610): No output dependent on input pin "Y[10]" File: C:/intelFPGA_lite/18.0/my_designs/optiver.v Line: 1
    Warning (15610): No output dependent on input pin "Y[11]" File: C:/intelFPGA_lite/18.0/my_designs/optiver.v Line: 1
    Warning (15610): No output dependent on input pin "Y[12]" File: C:/intelFPGA_lite/18.0/my_designs/optiver.v Line: 1
    Warning (15610): No output dependent on input pin "Y[13]" File: C:/intelFPGA_lite/18.0/my_designs/optiver.v Line: 1
    Warning (15610): No output dependent on input pin "Y[14]" File: C:/intelFPGA_lite/18.0/my_designs/optiver.v Line: 1
    Warning (15610): No output dependent on input pin "Y[15]" File: C:/intelFPGA_lite/18.0/my_designs/optiver.v Line: 1
    Warning (15610): No output dependent on input pin "Y[16]" File: C:/intelFPGA_lite/18.0/my_designs/optiver.v Line: 1
    Warning (15610): No output dependent on input pin "Y[17]" File: C:/intelFPGA_lite/18.0/my_designs/optiver.v Line: 1
    Warning (15610): No output dependent on input pin "Y[18]" File: C:/intelFPGA_lite/18.0/my_designs/optiver.v Line: 1
    Warning (15610): No output dependent on input pin "Y[19]" File: C:/intelFPGA_lite/18.0/my_designs/optiver.v Line: 1
    Warning (15610): No output dependent on input pin "Y[20]" File: C:/intelFPGA_lite/18.0/my_designs/optiver.v Line: 1
    Warning (15610): No output dependent on input pin "Y[21]" File: C:/intelFPGA_lite/18.0/my_designs/optiver.v Line: 1
    Warning (15610): No output dependent on input pin "Y[22]" File: C:/intelFPGA_lite/18.0/my_designs/optiver.v Line: 1
    Warning (15610): No output dependent on input pin "Y[23]" File: C:/intelFPGA_lite/18.0/my_designs/optiver.v Line: 1
    Warning (15610): No output dependent on input pin "Y[24]" File: C:/intelFPGA_lite/18.0/my_designs/optiver.v Line: 1
    Warning (15610): No output dependent on input pin "Y[25]" File: C:/intelFPGA_lite/18.0/my_designs/optiver.v Line: 1
    Warning (15610): No output dependent on input pin "Y[26]" File: C:/intelFPGA_lite/18.0/my_designs/optiver.v Line: 1
    Warning (15610): No output dependent on input pin "Y[27]" File: C:/intelFPGA_lite/18.0/my_designs/optiver.v Line: 1
    Warning (15610): No output dependent on input pin "Y[28]" File: C:/intelFPGA_lite/18.0/my_designs/optiver.v Line: 1
    Warning (15610): No output dependent on input pin "Y[29]" File: C:/intelFPGA_lite/18.0/my_designs/optiver.v Line: 1
    Warning (15610): No output dependent on input pin "Y[30]" File: C:/intelFPGA_lite/18.0/my_designs/optiver.v Line: 1
    Warning (15610): No output dependent on input pin "Y[31]" File: C:/intelFPGA_lite/18.0/my_designs/optiver.v Line: 1
Info (21057): Implemented 3038 device resources after synthesis - the final resource count might be different
    Info (21058): Implemented 64 input pins
    Info (21059): Implemented 32 output pins
    Info (21061): Implemented 2939 logic cells
    Info (21062): Implemented 3 DSP elements
Info: Quartus Prime Analysis & Synthesis was successful. 0 errors, 34 warnings
    Info: Peak virtual memory: 4926 megabytes
    Info: Processing ended: Sun Sep 10 12:52:59 2023
    Info: Elapsed time: 00:00:25
    Info: Total CPU time (on all processors): 00:00:28


