Flow report for lpf
Wed Jul 19 13:43:33 2023
Quartus Prime Version 18.0.0 Build 614 04/24/2018 SJ Lite Edition


---------------------
; Table of Contents ;
---------------------
  1. Legal Notice
  2. Flow Summary
  3. Flow Settings
  4. Flow Non-Default Global Settings
  5. Flow Elapsed Time
  6. Flow OS Summary
  7. Flow Log
  8. Flow Messages
  9. Flow Suppressed Messages



----------------
; Legal Notice ;
----------------
Copyright (C) 2018  Intel Corporation. All rights reserved.
Your use of Intel Corporation's design tools, logic functions 
and other software and tools, and its AMPP partner logic 
functions, and any output files from any of the foregoing 
(including device programming or simulation files), and any 
associated documentation or information are expressly subject 
to the terms and conditions of the Intel Program License 
Subscription Agreement, the Intel Quartus Prime License Agreement,
the Intel FPGA IP License Agreement, or other applicable license
agreement, including, without limitation, that your use is for
the sole purpose of programming logic devices manufactured by
Intel and sold by Intel or its authorized distributors.  Please
refer to the applicable agreement for further details.



+-------------------------------------------------------------------------------+
; Flow Summary                                                                  ;
+---------------------------------+---------------------------------------------+
; Flow Status                     ; Successful - Wed Jul 19 13:43:33 2023       ;
; Quartus Prime Version           ; 18.0.0 Build 614 04/24/2018 SJ Lite Edition ;
; Revision Name                   ; lpf                                         ;
; Top-level Entity Name           ; lpf                                         ;
; Family                          ; Cyclone V                                   ;
; Device                          ; 5CGXFC7C7F23C8                              ;
; Timing Models                   ; Final                                       ;
; Logic utilization (in ALMs)     ; 56 / 56,480 ( < 1 % )                       ;
; Total registers                 ; 48                                          ;
; Total pins                      ; 51 / 268 ( 19 % )                           ;
; Total virtual pins              ; 0                                           ;
; Total block memory bits         ; 0 / 7,024,640 ( 0 % )                       ;
; Total DSP Blocks                ; 7 / 156 ( 4 % )                             ;
; Total HSSI RX PCSs              ; 0 / 6 ( 0 % )                               ;
; Total HSSI PMA RX Deserializers ; 0 / 6 ( 0 % )                               ;
; Total HSSI TX PCSs              ; 0 / 6 ( 0 % )                               ;
; Total HSSI PMA TX Serializers   ; 0 / 6 ( 0 % )                               ;
; Total PLLs                      ; 0 / 13 ( 0 % )                              ;
; Total DLLs                      ; 0 / 4 ( 0 % )                               ;
+---------------------------------+---------------------------------------------+


+-----------------------------------------+
; Flow Settings                           ;
+-------------------+---------------------+
; Option            ; Setting             ;
+-------------------+---------------------+
; Start date & time ; 07/19/2023 13:41:48 ;
; Main task         ; Compilation         ;
; Revision Name     ; lpf                 ;
+-------------------+---------------------+


+------------------------------------------------------------------------------------------------------------------------------+
; Flow Non-Default Global Settings                                                                                             ;
+--------------------------------------+----------------------------------------+---------------+-------------+----------------+
; Assignment Name                      ; Value                                  ; Default Value ; Entity Name ; Section Id     ;
+--------------------------------------+----------------------------------------+---------------+-------------+----------------+
; COMPILER_SIGNATURE_ID                ; 1097521793976.168979930716964          ; --            ; --          ; --             ;
; EDA_DESIGN_INSTANCE_NAME             ; NA                                     ; --            ; --          ; testbench      ;
; EDA_NATIVELINK_SIMULATION_TEST_BENCH ; testbench                              ; --            ; --          ; eda_simulation ;
; EDA_OUTPUT_DATA_FORMAT               ; Verilog Hdl                            ; --            ; --          ; eda_simulation ;
; EDA_RUN_TOOL_AUTOMATICALLY           ; On                                     ; --            ; --          ; eda_simulation ;
; EDA_SIMULATION_TOOL                  ; ModelSim-Altera (Verilog)              ; <None>        ; --          ; --             ;
; EDA_TEST_BENCH_ENABLE_STATUS         ; TEST_BENCH_MODE                        ; --            ; --          ; eda_simulation ;
; EDA_TEST_BENCH_FILE                  ; testbench.v                            ; --            ; --          ; testbench      ;
; EDA_TEST_BENCH_MODULE_NAME           ; testbench                              ; --            ; --          ; testbench      ;
; EDA_TEST_BENCH_NAME                  ; testbench                              ; --            ; --          ; eda_simulation ;
; EDA_TIME_SCALE                       ; 1 ps                                   ; --            ; --          ; eda_simulation ;
; MAX_CORE_JUNCTION_TEMP               ; 85                                     ; --            ; --          ; --             ;
; MIN_CORE_JUNCTION_TEMP               ; 0                                      ; --            ; --          ; --             ;
; PARTITION_COLOR                      ; -- (Not supported for targeted family) ; --            ; --          ; Top            ;
; PARTITION_FITTER_PRESERVATION_LEVEL  ; -- (Not supported for targeted family) ; --            ; --          ; Top            ;
; PARTITION_NETLIST_TYPE               ; -- (Not supported for targeted family) ; --            ; --          ; Top            ;
; POWER_BOARD_THERMAL_MODEL            ; None (CONSERVATIVE)                    ; --            ; --          ; --             ;
; POWER_PRESET_COOLING_SOLUTION        ; 23 MM HEAT SINK WITH 200 LFPM AIRFLOW  ; --            ; --          ; --             ;
; PROJECT_OUTPUT_DIRECTORY             ; output_files                           ; --            ; --          ; --             ;
+--------------------------------------+----------------------------------------+---------------+-------------+----------------+


+--------------------------------------------------------------------------------------------------------------------------+
; Flow Elapsed Time                                                                                                        ;
+----------------------+--------------+-------------------------+---------------------+------------------------------------+
; Module Name          ; Elapsed Time ; Average Processors Used ; Peak Virtual Memory ; Total CPU Time (on all processors) ;
+----------------------+--------------+-------------------------+---------------------+------------------------------------+
; Analysis & Synthesis ; 00:00:18     ; 1.0                     ; 4842 MB             ; 00:00:41                           ;
; Fitter               ; 00:00:54     ; 1.0                     ; 6787 MB             ; 00:01:41                           ;
; Assembler            ; 00:00:12     ; 1.0                     ; 4833 MB             ; 00:00:12                           ;
; Timing Analyzer      ; 00:00:12     ; 1.1                     ; 5196 MB             ; 00:00:13                           ;
; EDA Netlist Writer   ; 00:00:04     ; 1.0                     ; 4748 MB             ; 00:00:04                           ;
; Total                ; 00:01:40     ; --                      ; --                  ; 00:02:51                           ;
+----------------------+--------------+-------------------------+---------------------+------------------------------------+


+------------------------------------------------------------------------------------+
; Flow OS Summary                                                                    ;
+----------------------+------------------+------------+------------+----------------+
; Module Name          ; Machine Hostname ; OS Name    ; OS Version ; Processor type ;
+----------------------+------------------+------------+------------+----------------+
; Analysis & Synthesis ; DESKTOP-2JKGPNF  ; Windows 10 ; 10.0       ; x86_64         ;
; Fitter               ; DESKTOP-2JKGPNF  ; Windows 10 ; 10.0       ; x86_64         ;
; Assembler            ; DESKTOP-2JKGPNF  ; Windows 10 ; 10.0       ; x86_64         ;
; Timing Analyzer      ; DESKTOP-2JKGPNF  ; Windows 10 ; 10.0       ; x86_64         ;
; EDA Netlist Writer   ; DESKTOP-2JKGPNF  ; Windows 10 ; 10.0       ; x86_64         ;
+----------------------+------------------+------------+------------+----------------+


------------
; Flow Log ;
------------
quartus_map --read_settings_files=on --write_settings_files=off lpf -c lpf
quartus_fit --read_settings_files=off --write_settings_files=off lpf -c lpf
quartus_asm --read_settings_files=off --write_settings_files=off lpf -c lpf
quartus_sta lpf -c lpf
quartus_eda --read_settings_files=off --write_settings_files=off lpf -c lpf



